2023-07-20 11:27:39,476 - scheduler - INFO - #----------------------- Inicia proceso de Scheduler
2023-07-20 11:27:39,477 - scheduler - INFO - Orden a procesar 64b826ccafae065e70f271a2
2023-07-20 11:27:39,593 - scheduler - ERROR - Error.........................: Object of type ObjectId is not JSON serializable
Traceback (most recent call last):
  File "d:\WorkSpace\WS_PERSONAL_PROGRAMS\TaskScheduler\backend\routes\chains_routes.py", line 125, in process
    JsonUtils.add_item(f"{PATH_FOLDERS_ORDER}/{FILE_ORDERS_JSON}", values)
  File "d:\WorkSpace\WS_PERSONAL_PROGRAMS\TaskScheduler\backend\util\json_utils.py", line 65, in add_item
    JsonUtils.write_json(path, data)
  File "d:\WorkSpace\WS_PERSONAL_PROGRAMS\TaskScheduler\backend\util\json_utils.py", line 15, in write_json
    json.dump(new_data, json_file, indent=4)
  File "C:\Python311\Lib\json\__init__.py", line 179, in dump
    for chunk in iterable:
  File "C:\Python311\Lib\json\encoder.py", line 430, in _iterencode
    yield from _iterencode_list(o, _current_indent_level)
  File "C:\Python311\Lib\json\encoder.py", line 326, in _iterencode_list
    yield from chunks
  File "C:\Python311\Lib\json\encoder.py", line 406, in _iterencode_dict
    yield from chunks
  File "C:\Python311\Lib\json\encoder.py", line 439, in _iterencode
    o = _default(o)
        ^^^^^^^^^^^
  File "C:\Python311\Lib\json\encoder.py", line 180, in default
    raise TypeError(f'Object of type {o.__class__.__name__} '
TypeError: Object of type ObjectId is not JSON serializable

2023-07-20 11:27:39,597 - scheduler - INFO - Proceso termino con error.
